-------------------------------------------------------------------------------
Test set: TestSuite
-------------------------------------------------------------------------------
Tests run: 2, Failures: 1, Errors: 0, Skipped: 0, Time elapsed: 16.962 s <<< FAILURE! - in TestSuite
cucumberOptions.TestNGRunnerTest.runScenario["Search Experience for product search in both home and Offers page", "Testing Greekart Page with search and place order"](2)  Time elapsed: 14.183 s  <<< FAILURE!
java.lang.AssertionError: expected [No data] but found [Beetroot]

